<?xml version="1.0" encoding="UTF-8"?>
<testsuite xmlns:xsi="http://www.w3.org/2001/XMLSchema-instance" xsi:noNamespaceSchemaLocation="https://maven.apache.org/surefire/maven-surefire-plugin/xsd/surefire-test-report.xsd" name="org.junit.C02_StringChangeTest" time="0.113" tests="5" errors="0" skipped="0" failures="0">
  <properties>
    <property name="sun.desktop" value="windows"/>
    <property name="awt.toolkit" value="sun.awt.windows.WToolkit"/>
    <property name="java.specification.version" value="11"/>
    <property name="sun.cpu.isalist" value="amd64"/>
    <property name="sun.jnu.encoding" value="Cp1252"/>
    <property name="java.class.path" value="C:\Users\IslamG\Google Drive\inteliJ\ud282-master\junit5_Tutorial\target\test-classes;C:\Users\IslamG\Google Drive\inteliJ\ud282-master\junit5_Tutorial\target\classes;C:\Users\IslamG\.m2\repository\org\junit\jupiter\junit-jupiter\5.8.2\junit-jupiter-5.8.2.jar;C:\Users\IslamG\.m2\repository\org\junit\jupiter\junit-jupiter-api\5.8.2\junit-jupiter-api-5.8.2.jar;C:\Users\IslamG\.m2\repository\org\opentest4j\opentest4j\1.2.0\opentest4j-1.2.0.jar;C:\Users\IslamG\.m2\repository\org\junit\platform\junit-platform-commons\1.8.2\junit-platform-commons-1.8.2.jar;C:\Users\IslamG\.m2\repository\org\apiguardian\apiguardian-api\1.1.2\apiguardian-api-1.1.2.jar;C:\Users\IslamG\.m2\repository\org\junit\jupiter\junit-jupiter-params\5.8.2\junit-jupiter-params-5.8.2.jar;C:\Users\IslamG\.m2\repository\org\junit\jupiter\junit-jupiter-engine\5.8.2\junit-jupiter-engine-5.8.2.jar;C:\Users\IslamG\.m2\repository\org\junit\platform\junit-platform-engine\1.8.2\junit-platform-engine-1.8.2.jar;"/>
    <property name="java.vm.vendor" value="Oracle Corporation"/>
    <property name="sun.arch.data.model" value="64"/>
    <property name="user.variant" value=""/>
    <property name="java.vendor.url" value="https://openjdk.java.net/"/>
    <property name="user.timezone" value="Europe/Berlin"/>
    <property name="java.vm.specification.version" value="11"/>
    <property name="os.name" value="Windows 10"/>
    <property name="sun.java.launcher" value="SUN_STANDARD"/>
    <property name="user.country" value="DE"/>
    <property name="sun.boot.library.path" value="C:\Program Files\Java\jdk-11.0.12\bin"/>
    <property name="sun.java.command" value="C:\Users\IslamG\AppData\Local\Temp\surefire12102549371833783748\surefirebooter10734612497572883784.jar C:\Users\IslamG\AppData\Local\Temp\surefire12102549371833783748 2022-01-31T14-50-26_644-jvmRun1 surefire10278413152957746963tmp surefire_011136757297726713509tmp"/>
    <property name="jdk.debug" value="release"/>
    <property name="surefire.test.class.path" value="C:\Users\IslamG\Google Drive\inteliJ\ud282-master\junit5_Tutorial\target\test-classes;C:\Users\IslamG\Google Drive\inteliJ\ud282-master\junit5_Tutorial\target\classes;C:\Users\IslamG\.m2\repository\org\junit\jupiter\junit-jupiter\5.8.2\junit-jupiter-5.8.2.jar;C:\Users\IslamG\.m2\repository\org\junit\jupiter\junit-jupiter-api\5.8.2\junit-jupiter-api-5.8.2.jar;C:\Users\IslamG\.m2\repository\org\opentest4j\opentest4j\1.2.0\opentest4j-1.2.0.jar;C:\Users\IslamG\.m2\repository\org\junit\platform\junit-platform-commons\1.8.2\junit-platform-commons-1.8.2.jar;C:\Users\IslamG\.m2\repository\org\apiguardian\apiguardian-api\1.1.2\apiguardian-api-1.1.2.jar;C:\Users\IslamG\.m2\repository\org\junit\jupiter\junit-jupiter-params\5.8.2\junit-jupiter-params-5.8.2.jar;C:\Users\IslamG\.m2\repository\org\junit\jupiter\junit-jupiter-engine\5.8.2\junit-jupiter-engine-5.8.2.jar;C:\Users\IslamG\.m2\repository\org\junit\platform\junit-platform-engine\1.8.2\junit-platform-engine-1.8.2.jar;"/>
    <property name="sun.cpu.endian" value="little"/>
    <property name="user.home" value="C:\Users\IslamG"/>
    <property name="user.language" value="de"/>
    <property name="java.specification.vendor" value="Oracle Corporation"/>
    <property name="java.version.date" value="2021-07-20"/>
    <property name="java.home" value="C:\Program Files\Java\jdk-11.0.12"/>
    <property name="file.separator" value="\"/>
    <property name="basedir" value="C:\Users\IslamG\Google Drive\inteliJ\ud282-master\junit5_Tutorial"/>
    <property name="java.vm.compressedOopsMode" value="32-bit"/>
    <property name="line.separator" value="&#10;"/>
    <property name="java.specification.name" value="Java Platform API Specification"/>
    <property name="java.vm.specification.vendor" value="Oracle Corporation"/>
    <property name="java.awt.graphicsenv" value="sun.awt.Win32GraphicsEnvironment"/>
    <property name="surefire.real.class.path" value="C:\Users\IslamG\AppData\Local\Temp\surefire12102549371833783748\surefirebooter10734612497572883784.jar"/>
    <property name="user.script" value=""/>
    <property name="sun.management.compiler" value="HotSpot 64-Bit Tiered Compilers"/>
    <property name="java.runtime.version" value="11.0.12+8-LTS-237"/>
    <property name="user.name" value="IslamG"/>
    <property name="path.separator" value=";"/>
    <property name="os.version" value="10.0"/>
    <property name="java.runtime.name" value="Java(TM) SE Runtime Environment"/>
    <property name="file.encoding" value="Cp1252"/>
    <property name="java.vm.name" value="Java HotSpot(TM) 64-Bit Server VM"/>
    <property name="java.vendor.version" value="18.9"/>
    <property name="localRepository" value="C:\Users\IslamG\.m2\repository"/>
    <property name="java.vendor.url.bug" value="https://bugreport.java.com/bugreport/"/>
    <property name="java.io.tmpdir" value="C:\Users\IslamG\AppData\Local\Temp\"/>
    <property name="idea.version" value="2021.2.3"/>
    <property name="java.version" value="11.0.12"/>
    <property name="user.dir" value="C:\Users\IslamG\Google Drive\inteliJ\ud282-master\junit5_Tutorial"/>
    <property name="os.arch" value="amd64"/>
    <property name="java.vm.specification.name" value="Java Virtual Machine Specification"/>
    <property name="java.awt.printerjob" value="sun.awt.windows.WPrinterJob"/>
    <property name="sun.os.patch.level" value=""/>
    <property name="java.library.path" value="C:\Program Files\Java\jdk-11.0.12\bin;C:\Windows\Sun\Java\bin;C:\Windows\system32;C:\Windows;C:\Program Files\Common Files\Oracle\Java\javapath;C:\Windows\system32;C:\Windows;C:\Windows\System32\Wbem;C:\Windows\System32\WindowsPowerShell\v1.0\;C:\Windows\System32\OpenSSH\;C:\Program Files\Git\cmd;C:\Program Files\MongoDB\Server\5.0\bin;C:\Program Files\MySQL\MySQL Shell 8.0\bin\;C:\Users\IslamG\AppData\Local\Microsoft\WindowsApps;C:\Program Files\Java\jdk-17GameNumberGuess\bin;C:\Program Files\apache-maven-3.8.4\bin;C:\Users\IslamG\AppData\Local\Programs\Microsoft VS Code\bin;C:\Users\IslamG\AppData\Local\Programs\mongosh\;."/>
    <property name="java.vendor" value="Oracle Corporation"/>
    <property name="java.vm.info" value="mixed mode"/>
    <property name="java.vm.version" value="11.0.12+8-LTS-237"/>
    <property name="sun.io.unicode.encoding" value="UnicodeLittle"/>
    <property name="java.class.version" value="55.0"/>
  </properties>
  <testcase name="ilkIkACikar{String, String}[1]" classname="org.junit.C02_StringChangeTest" time="0.046"/>
  <testcase name="ilkIkACikar{String, String}[2]" classname="org.junit.C02_StringChangeTest" time="0.002"/>
  <testcase name="ilkIkACikar{String, String}[3]" classname="org.junit.C02_StringChangeTest" time="0.001"/>
  <testcase name="ilkIkACikar{String, String}[4]" classname="org.junit.C02_StringChangeTest" time="0.002"/>
  <testcase name="ilkIkACikar{String, String}[5]" classname="org.junit.C02_StringChangeTest" time="0.001"/>
</testsuite>